timm@Antares:~$ echo hallo, ich bein ein Konsolenlog und ich enthalte viele verschiedene Befehle, die ihr extrahieren sollt!
hallo, ich bein ein Konsolenlog und ich enthalte viele verschiedene Befehle, die ihr extrahieren sollt!
timm@Antares:~$ sudo apt-get update
Hit:1 http://ppa.launchpad.net/deadsnakes/ppa/ubuntu bionic InRelease
Hit:2 http://archive.ubuntu.com/ubuntu bionic InRelease
Hit:3 http://archive.ubuntu.com/ubuntu bionic-updates InRelease
Hit:4 http://security.ubuntu.com/ubuntu bionic-security InRelease
Hit:5 http://archive.ubuntu.com/ubuntu bionic-backports InRelease
Reading package lists... Done
timm@Antares:~$ sudo apt-get upgrade
Reading package lists... Done
Building dependency tree
Reading state information... Done
Calculating upgrade... Done
The following packages were automatically installed and are no longer required:
  ffmpeg geoclue-2.0 gstreamer1.0-plugins-base i965-va-driver iio-sensor-proxy libaacs0 libass9 libavahi-glib1 libavc1394-0 libavcodec57 libavdevice57 libavfilter6 libavformat57 libavresample3 libavutil55 libbdplus0 libbluray2 libbrotli1
  libbs2b0 libcaca0 libcdio-cdda2 libcdio-paranoia2 libcdio17 libcdparanoia0 libchromaprint1 libcrystalhd3 libdc1394-22 libdouble-conversion1 libdumbnet1 libdvdnav4 libdvdread4 libegl-mesa0 libegl1 libevdev2 libflite1 libgbm1
  libgeoclue-2-0 libgme0 libgsm1 libgstreamer-plugins-base1.0-0 libgstreamer1.0-0 libgudev-1.0-0 libhyphen0 libiec61883-0 libinput-bin libinput10 libjack-jackd2-0 libjansson4 libldb1 libllvm8 liblua5.2-0 libmbim-glib4 libmbim-proxy
  libmm-glib0 libmp3lame0 libmpg123-0 libmtdev1 libmysofa0 libnorm1 libopenal-data libopenal1 libopenjp2-7 libopenmpt0 libopus0 liborc-0.4-0 libpgm-5.2-0 libpostproc54 libpython2.7 libqmi-glib5 libqmi-proxy libqt5core5a libqt5dbus5
  libqt5gui5 libqt5network5 libqt5positioning5 libqt5printsupport5 libqt5qml5 libqt5quick5 libqt5sensors5 libqt5svg5 libqt5webchannel5 libqt5webkit5 libqt5widgets5 libraw1394-11 librubberband2 libsamplerate0 libsdl2-2.0-0 libshine3
  libsmbclient libsnappy1v5 libsndio6.1 libsodium23 libsoxr0 libspeex1 libssh-gcrypt-4 libswresample2 libswscale4 libtalloc2 libtdb1 libtevent0 libtheora0 libtwolame0 libuchardet0 libva-drm2 libva-wayland2 libva-x11-2 libva2 libvdpau1
  libvisual-0.4-0 libvorbisfile3 libvpx5 libwacom-bin libwacom-common libwacom2 libwavpack1 libwayland-server0 libwbclient0 libwebpmux3 libwoff1 libx264-152 libx265-146 libxcb-icccm4 libxcb-image0 libxcb-keysyms1 libxcb-randr0
  libxcb-render-util0 libxcb-util1 libxcb-xfixes0 libxcb-xinerama0 libxcb-xkb1 libxkbcommon-x11-0 libxvidcore4 libzmq5 libzvbi-common libzvbi0 mesa-va-drivers mesa-vdpau-drivers modemmanager mpv phantomjs python-talloc python3-pyxattr
  qt5-gtk-platformtheme qttranslations5-l10n rtmpdump samba-libs usb-modeswitch usb-modeswitch-data va-driver-all vdpau-driver-all
Use 'sudo apt autoremove' to remove them.
The following packages will be upgraded:
  apport binutils binutils-common binutils-x86-64-linux-gnu bsdutils cpp-7 distro-info-data fdisk g++-7 gcc-7 gcc-7-base gcc-8-base git git-man kmod landscape-common libasan4 libasound2 libasound2-data libatomic1 libbinutils libblkid1
  libcc1-0 libcilkrts5 libcups2 libcupsimage2 libegl-mesa0 libfdisk1 libgbm1 libgcc-7-dev libgcc1 libgd3 libgl1-mesa-dri libgl1-mesa-glx libglapi-mesa libglib2.0-0 libglib2.0-data libglx-mesa0 libgomp1 libicu60 libitm1 libjson-glib-1.0-0
  libjson-glib-1.0-common libkmod2 libldap-2.4-2 libldap-common liblsan0 libmount1 libmpx2 libpulse0 libpulsedsp libpython2.7 libpython2.7-minimal libpython2.7-stdlib libpython3.6 libpython3.6-dev libpython3.6-minimal libpython3.6-stdlib
  libpython3.8-minimal libpython3.8-stdlib libquadmath0 libsmartcols1 libsmbclient libsqlite3-0 libssh-gcrypt-4 libstdc++-7-dev libstdc++6 libtsan0 libubsan0 libuuid1 libwbclient0 linux-base linux-libc-dev lxcfs mesa-va-drivers
  mesa-vdpau-drivers mount open-vm-tools pulseaudio-utils python2.7 python2.7-minimal python3-apport python3-problem-report python3-twisted python3-twisted-bin python3-update-manager python3.6 python3.6-dev python3.6-minimal python3.8
  python3.8-minimal samba-libs sosreport unattended-upgrades update-manager-core util-linux uuid-runtime vim vim-common vim-runtime vim-tiny xxd
102 upgraded, 0 newly installed, 0 to remove and 0 not upgraded.
Need to get 144 MB of archives.
After this operation, 5088 kB of additional disk space will be used.
Do you want to continue? [Y/n]
Get:1 http://ppa.launchpad.net/deadsnakes/ppa/ubuntu bionic/main amd64 python3.8 amd64 3.8.2-1+bionic1 [409 kB]
Get:2 http://archive.ubuntu.com/ubuntu bionic-updates/main amd64 bsdutils amd64 1:2.31.1-0.4ubuntu3.6 [60.3 kB]
Get:3 http://archive.ubuntu.com/ubuntu bionic-updates/main amd64 libuuid1 amd64 2.31.1-0.4ubuntu3.6 [20.1 kB]
Get:4 http://archive.ubuntu.com/ubuntu bionic-updates/main amd64 libblkid1 amd64 2.31.1-0.4ubuntu3.6 [124 kB]
Get:5 http://archive.ubuntu.com/ubuntu bionic-updates/main amd64 libfdisk1 amd64 2.31.1-0.4ubuntu3.6 [164 kB]
Get:6 http://archive.ubuntu.com/ubuntu bionic-updates/main amd64 libmount1 amd64 2.31.1-0.4ubuntu3.6 [136 kB]
Get:7 http://ppa.launchpad.net/deadsnakes/ppa/ubuntu bionic/main amd64 python3.8-minimal amd64 3.8.2-1+bionic1 [1886 kB]
Get:8 http://archive.ubuntu.com/ubuntu bionic-updates/main amd64 libsmartcols1 amd64 2.31.1-0.4ubuntu3.6 [83.7 kB]
Get:9 http://archive.ubuntu.com/ubuntu bionic-updates/main amd64 fdisk amd64 2.31.1-0.4ubuntu3.6 [108 kB]
Get:10 http://archive.ubuntu.com/ubuntu bionic-updates/main amd64 util-linux amd64 2.31.1-0.4ubuntu3.6 [903 kB]
Get:11 http://ppa.launchpad.net/deadsnakes/ppa/ubuntu bionic/main amd64 libpython3.8-stdlib amd64 3.8.2-1+bionic1 [1694 kB]
Get:12 http://archive.ubuntu.com/ubuntu bionic-updates/main amd64 mount amd64 2.31.1-0.4ubuntu3.6 [107 kB]
Get:13 http://archive.ubuntu.com/ubuntu bionic-updates/main amd64 python3.6-dev amd64 3.6.9-1~18.04ubuntu1 [508 kB]
Get:14 http://archive.ubuntu.com/ubuntu bionic-updates/main amd64 libpython3.6-dev amd64 3.6.9-1~18.04ubuntu1 [44.9 MB]
Get:15 http://ppa.launchpad.net/deadsnakes/ppa/ubuntu bionic/main amd64 libpython3.8-minimal amd64 3.8.2-1+bionic1 [751 kB]
Get:16 http://archive.ubuntu.com/ubuntu bionic-updates/main amd64 libpython3.6 amd64 3.6.9-1~18.04ubuntu1 [1414 kB]
Get:17 http://archive.ubuntu.com/ubuntu bionic-updates/main amd64 python3.6 amd64 3.6.9-1~18.04ubuntu1 [203 kB]
Get:18 http://archive.ubuntu.com/ubuntu bionic-updates/main amd64 libpython3.6-stdlib amd64 3.6.9-1~18.04ubuntu1 [1710 kB]
Get:19 http://archive.ubuntu.com/ubuntu bionic-updates/main amd64 python3.6-minimal amd64 3.6.9-1~18.04ubuntu1 [1609 kB]
Get:20 http://archive.ubuntu.com/ubuntu bionic-updates/main amd64 libpython3.6-minimal amd64 3.6.9-1~18.04ubuntu1 [533 kB]
Get:21 http://archive.ubuntu.com/ubuntu bionic-updates/main amd64 libsqlite3-0 amd64 3.22.0-1ubuntu0.3 [498 kB]
Get:22 http://archive.ubuntu.com/ubuntu bionic-updates/main amd64 uuid-runtime amd64 2.31.1-0.4ubuntu3.6 [34.8 kB]
Get:23 http://archive.ubuntu.com/ubuntu bionic-updates/main amd64 libsmbclient amd64 2:4.7.6+dfsg~ubuntu-0ubuntu2.16 [54.4 kB]
Get:24 http://archive.ubuntu.com/ubuntu bionic-updates/main amd64 libcupsimage2 amd64 2.2.7-1ubuntu2.8 [18.6 kB]
Get:25 http://archive.ubuntu.com/ubuntu bionic-updates/main amd64 libcups2 amd64 2.2.7-1ubuntu2.8 [211 kB]
Get:26 http://archive.ubuntu.com/ubuntu bionic-updates/main amd64 libldap-common all 2.4.45+dfsg-1ubuntu1.5 [16.9 kB]
Get:27 http://archive.ubuntu.com/ubuntu bionic-updates/main amd64 libldap-2.4-2 amd64 2.4.45+dfsg-1ubuntu1.5 [155 kB]
Get:28 http://archive.ubuntu.com/ubuntu bionic-updates/main amd64 python2.7 amd64 2.7.17-1~18.04ubuntu1 [248 kB]
Get:29 http://archive.ubuntu.com/ubuntu bionic-updates/main amd64 libpython2.7 amd64 2.7.17-1~18.04ubuntu1 [1053 kB]
Get:30 http://archive.ubuntu.com/ubuntu bionic-updates/main amd64 libpython2.7-stdlib amd64 2.7.17-1~18.04ubuntu1 [1915 kB]
Get:31 http://archive.ubuntu.com/ubuntu bionic-updates/main amd64 python2.7-minimal amd64 2.7.17-1~18.04ubuntu1 [1294 kB]
Get:32 http://archive.ubuntu.com/ubuntu bionic-updates/main amd64 libpython2.7-minimal amd64 2.7.17-1~18.04ubuntu1 [335 kB]
Get:33 http://archive.ubuntu.com/ubuntu bionic-updates/main amd64 samba-libs amd64 2:4.7.6+dfsg~ubuntu-0ubuntu2.16 [5253 kB]
Get:34 http://archive.ubuntu.com/ubuntu bionic-updates/main amd64 libwbclient0 amd64 2:4.7.6+dfsg~ubuntu-0ubuntu2.16 [34.0 kB]
Get:35 http://archive.ubuntu.com/ubuntu bionic-updates/main amd64 libquadmath0 amd64 8.4.0-1ubuntu1~18.04 [134 kB]
Get:36 http://archive.ubuntu.com/ubuntu bionic-updates/main amd64 libitm1 amd64 8.4.0-1ubuntu1~18.04 [27.9 kB]
Get:37 http://archive.ubuntu.com/ubuntu bionic-updates/main amd64 gcc-8-base amd64 8.4.0-1ubuntu1~18.04 [18.7 kB]
Get:38 http://archive.ubuntu.com/ubuntu bionic-updates/main amd64 libstdc++6 amd64 8.4.0-1ubuntu1~18.04 [400 kB]
Get:39 http://archive.ubuntu.com/ubuntu bionic-updates/main amd64 libmpx2 amd64 8.4.0-1ubuntu1~18.04 [11.6 kB]
Get:40 http://archive.ubuntu.com/ubuntu bionic-updates/main amd64 liblsan0 amd64 8.4.0-1ubuntu1~18.04 [133 kB]
Get:41 http://archive.ubuntu.com/ubuntu bionic-updates/main amd64 libtsan0 amd64 8.4.0-1ubuntu1~18.04 [288 kB]
Get:42 http://archive.ubuntu.com/ubuntu bionic-updates/main amd64 libcc1-0 amd64 8.4.0-1ubuntu1~18.04 [39.4 kB]
Get:43 http://archive.ubuntu.com/ubuntu bionic-updates/main amd64 libatomic1 amd64 8.4.0-1ubuntu1~18.04 [9192 B]
Get:44 http://archive.ubuntu.com/ubuntu bionic-updates/main amd64 libgomp1 amd64 8.4.0-1ubuntu1~18.04 [76.5 kB]
Get:45 http://archive.ubuntu.com/ubuntu bionic-updates/main amd64 libgcc1 amd64 1:8.4.0-1ubuntu1~18.04 [40.6 kB]
Get:46 http://archive.ubuntu.com/ubuntu bionic-updates/main amd64 distro-info-data all 0.37ubuntu0.7 [4676 B]
Get:47 http://archive.ubuntu.com/ubuntu bionic-updates/main amd64 kmod amd64 24-1ubuntu3.3 [88.8 kB]
Get:48 http://archive.ubuntu.com/ubuntu bionic-updates/main amd64 libkmod2 amd64 24-1ubuntu3.3 [40.1 kB]
Get:49 http://archive.ubuntu.com/ubuntu bionic-updates/main amd64 libglib2.0-0 amd64 2.56.4-0ubuntu0.18.04.6 [1171 kB]
Get:50 http://archive.ubuntu.com/ubuntu bionic-updates/main amd64 libglib2.0-data all 2.56.4-0ubuntu0.18.04.6 [4540 B]
Get:51 http://archive.ubuntu.com/ubuntu bionic-updates/main amd64 libicu60 amd64 60.2-3ubuntu3.1 [8054 kB]
Get:52 http://archive.ubuntu.com/ubuntu bionic-updates/main amd64 linux-base all 4.5ubuntu1.1 [17.7 kB]
Get:53 http://archive.ubuntu.com/ubuntu bionic-updates/main amd64 vim amd64 2:8.0.1453-1ubuntu1.3 [1153 kB]
Get:54 http://archive.ubuntu.com/ubuntu bionic-updates/main amd64 vim-tiny amd64 2:8.0.1453-1ubuntu1.3 [476 kB]
Get:55 http://archive.ubuntu.com/ubuntu bionic-updates/main amd64 vim-runtime all 2:8.0.1453-1ubuntu1.3 [5436 kB]
Get:56 http://archive.ubuntu.com/ubuntu bionic-updates/main amd64 xxd amd64 2:8.0.1453-1ubuntu1.3 [49.4 kB]
Get:57 http://archive.ubuntu.com/ubuntu bionic-updates/main amd64 vim-common all 2:8.0.1453-1ubuntu1.3 [70.6 kB]
Get:58 http://archive.ubuntu.com/ubuntu bionic-updates/main amd64 python3-update-manager all 1:18.04.11.12 [35.0 kB]
Get:59 http://archive.ubuntu.com/ubuntu bionic-updates/main amd64 update-manager-core all 1:18.04.11.12 [8508 B]
Get:60 http://archive.ubuntu.com/ubuntu bionic-updates/main amd64 python3-problem-report all 2.20.9-0ubuntu7.14 [10.7 kB]
Get:61 http://archive.ubuntu.com/ubuntu bionic-updates/main amd64 python3-apport all 2.20.9-0ubuntu7.14 [82.1 kB]
Get:62 http://archive.ubuntu.com/ubuntu bionic-updates/main amd64 apport all 2.20.9-0ubuntu7.14 [124 kB]
Get:63 http://archive.ubuntu.com/ubuntu bionic-updates/main amd64 binutils-x86-64-linux-gnu amd64 2.30-21ubuntu1~18.04.3 [1839 kB]
Get:64 http://archive.ubuntu.com/ubuntu bionic-updates/main amd64 binutils-common amd64 2.30-21ubuntu1~18.04.3 [196 kB]
Get:65 http://archive.ubuntu.com/ubuntu bionic-updates/main amd64 binutils amd64 2.30-21ubuntu1~18.04.3 [3388 B]
Get:66 http://archive.ubuntu.com/ubuntu bionic-updates/main amd64 libbinutils amd64 2.30-21ubuntu1~18.04.3 [488 kB]
Get:67 http://archive.ubuntu.com/ubuntu bionic-updates/main amd64 libasan4 amd64 7.5.0-3ubuntu1~18.04 [358 kB]
Get:68 http://archive.ubuntu.com/ubuntu bionic-updates/main amd64 libubsan0 amd64 7.5.0-3ubuntu1~18.04 [126 kB]
Get:69 http://archive.ubuntu.com/ubuntu bionic-updates/main amd64 libcilkrts5 amd64 7.5.0-3ubuntu1~18.04 [42.5 kB]
Get:70 http://archive.ubuntu.com/ubuntu bionic-updates/main amd64 g++-7 amd64 7.5.0-3ubuntu1~18.04 [9697 kB]
Get:71 http://archive.ubuntu.com/ubuntu bionic-updates/main amd64 gcc-7 amd64 7.5.0-3ubuntu1~18.04 [9381 kB]
Get:72 http://archive.ubuntu.com/ubuntu bionic-updates/main amd64 libstdc++-7-dev amd64 7.5.0-3ubuntu1~18.04 [1471 kB]
Get:73 http://archive.ubuntu.com/ubuntu bionic-updates/main amd64 libgcc-7-dev amd64 7.5.0-3ubuntu1~18.04 [2378 kB]
Get:74 http://archive.ubuntu.com/ubuntu bionic-updates/main amd64 cpp-7 amd64 7.5.0-3ubuntu1~18.04 [8591 kB]
Get:75 http://archive.ubuntu.com/ubuntu bionic-updates/main amd64 gcc-7-base amd64 7.5.0-3ubuntu1~18.04 [18.3 kB]
Get:76 http://archive.ubuntu.com/ubuntu bionic-updates/main amd64 git-man all 1:2.17.1-1ubuntu0.7 [804 kB]
Get:77 http://archive.ubuntu.com/ubuntu bionic-updates/main amd64 git amd64 1:2.17.1-1ubuntu0.7 [3915 kB]
Get:78 http://archive.ubuntu.com/ubuntu bionic-updates/main amd64 python3-twisted-bin amd64 17.9.0-2ubuntu0.1 [11.4 kB]
Get:79 http://archive.ubuntu.com/ubuntu bionic-updates/main amd64 python3-twisted all 17.9.0-2ubuntu0.1 [1919 kB]
Get:80 http://archive.ubuntu.com/ubuntu bionic-updates/main amd64 landscape-common amd64 18.01-0ubuntu3.5 [85.5 kB]
Get:81 http://archive.ubuntu.com/ubuntu bionic-updates/main amd64 libasound2 amd64 1.1.3-5ubuntu0.5 [360 kB]
Get:82 http://archive.ubuntu.com/ubuntu bionic-updates/main amd64 libasound2-data all 1.1.3-5ubuntu0.5 [38.7 kB]
Get:83 http://archive.ubuntu.com/ubuntu bionic-updates/main amd64 libegl-mesa0 amd64 19.2.8-0ubuntu0~18.04.3 [95.1 kB]
Get:84 http://archive.ubuntu.com/ubuntu bionic-updates/main amd64 libgbm1 amd64 19.2.8-0ubuntu0~18.04.3 [28.1 kB]
Get:85 http://archive.ubuntu.com/ubuntu bionic-updates/main amd64 libgl1-mesa-dri amd64 19.2.8-0ubuntu0~18.04.3 [8811 kB]
Get:86 http://archive.ubuntu.com/ubuntu bionic-updates/main amd64 libglx-mesa0 amd64 19.2.8-0ubuntu0~18.04.3 [139 kB]
Get:87 http://archive.ubuntu.com/ubuntu bionic-updates/main amd64 libglapi-mesa amd64 19.2.8-0ubuntu0~18.04.3 [26.5 kB]
Get:88 http://archive.ubuntu.com/ubuntu bionic-updates/main amd64 libgd3 amd64 2.2.5-4ubuntu0.4 [119 kB]
Get:89 http://archive.ubuntu.com/ubuntu bionic-updates/main amd64 libgl1-mesa-glx amd64 19.2.8-0ubuntu0~18.04.3 [5528 B]
Get:90 http://archive.ubuntu.com/ubuntu bionic-updates/main amd64 libjson-glib-1.0-common all 1.4.2-3ubuntu0.18.04.1 [3480 B]
Get:91 http://archive.ubuntu.com/ubuntu bionic-updates/main amd64 libjson-glib-1.0-0 amd64 1.4.2-3ubuntu0.18.04.1 [58.4 kB]
Get:92 http://archive.ubuntu.com/ubuntu bionic-updates/main amd64 libpulsedsp amd64 1:11.1-1ubuntu7.5 [31.9 kB]
Get:93 http://archive.ubuntu.com/ubuntu bionic-updates/main amd64 pulseaudio-utils amd64 1:11.1-1ubuntu7.5 [64.4 kB]
Get:94 http://archive.ubuntu.com/ubuntu bionic-updates/main amd64 libpulse0 amd64 1:11.1-1ubuntu7.5 [266 kB]
Get:95 http://archive.ubuntu.com/ubuntu bionic-updates/main amd64 libssh-gcrypt-4 amd64 0.8.0~20170825.94fa1e38-1ubuntu0.6 [172 kB]
Get:96 http://archive.ubuntu.com/ubuntu bionic-updates/main amd64 linux-libc-dev amd64 4.15.0-99.100 [1006 kB]
Get:97 http://archive.ubuntu.com/ubuntu bionic-updates/main amd64 lxcfs amd64 3.0.3-0ubuntu1~18.04.2 [39.0 kB]
Get:98 http://archive.ubuntu.com/ubuntu bionic-updates/universe amd64 mesa-va-drivers amd64 19.2.8-0ubuntu0~18.04.3 [2288 kB]
Get:99 http://archive.ubuntu.com/ubuntu bionic-updates/main amd64 mesa-vdpau-drivers amd64 19.2.8-0ubuntu0~18.04.3 [2406 kB]
Get:100 http://archive.ubuntu.com/ubuntu bionic-updates/main amd64 sosreport amd64 3.9-1ubuntu0.18.04.3 [165 kB]
Get:101 http://archive.ubuntu.com/ubuntu bionic-updates/main amd64 unattended-upgrades all 1.1ubuntu1.18.04.14 [41.7 kB]
Get:102 http://archive.ubuntu.com/ubuntu bionic-updates/main amd64 open-vm-tools amd64 2:11.0.5-4ubuntu0.18.04.1 [543 kB]
Fetched 144 MB in 46s (3132 kB/s)
Extracting templates from packages: 100%
Preconfiguring packages ...
(Reading database ... 70555 files and directories currently installed.)
Preparing to unpack .../bsdutils_1%3a2.31.1-0.4ubuntu3.6_amd64.deb ...
Unpacking bsdutils (1:2.31.1-0.4ubuntu3.6) over (1:2.31.1-0.4ubuntu3.5) ...
Setting up bsdutils (1:2.31.1-0.4ubuntu3.6) ...
(Reading database ... 70555 files and directories currently installed.)
Preparing to unpack .../libuuid1_2.31.1-0.4ubuntu3.6_amd64.deb ...
Unpacking libuuid1:amd64 (2.31.1-0.4ubuntu3.6) over (2.31.1-0.4ubuntu3.5) ...
Setting up libuuid1:amd64 (2.31.1-0.4ubuntu3.6) ...
(Reading database ... 70555 files and directories currently installed.)
Preparing to unpack .../libblkid1_2.31.1-0.4ubuntu3.6_amd64.deb ...
Unpacking libblkid1:amd64 (2.31.1-0.4ubuntu3.6) over (2.31.1-0.4ubuntu3.5) ...
Setting up libblkid1:amd64 (2.31.1-0.4ubuntu3.6) ...
(Reading database ... 70555 files and directories currently installed.)
Preparing to unpack .../libfdisk1_2.31.1-0.4ubuntu3.6_amd64.deb ...
Unpacking libfdisk1:amd64 (2.31.1-0.4ubuntu3.6) over (2.31.1-0.4ubuntu3.5) ...
Setting up libfdisk1:amd64 (2.31.1-0.4ubuntu3.6) ...
(Reading database ... 70555 files and directories currently installed.)
Preparing to unpack .../libmount1_2.31.1-0.4ubuntu3.6_amd64.deb ...
Unpacking libmount1:amd64 (2.31.1-0.4ubuntu3.6) over (2.31.1-0.4ubuntu3.5) ...
Setting up libmount1:amd64 (2.31.1-0.4ubuntu3.6) ...
(Reading database ... 70555 files and directories currently installed.)
Preparing to unpack .../libsmartcols1_2.31.1-0.4ubuntu3.6_amd64.deb ...
Unpacking libsmartcols1:amd64 (2.31.1-0.4ubuntu3.6) over (2.31.1-0.4ubuntu3.5) ...
Setting up libsmartcols1:amd64 (2.31.1-0.4ubuntu3.6) ...
(Reading database ... 70555 files and directories currently installed.)
Preparing to unpack .../fdisk_2.31.1-0.4ubuntu3.6_amd64.deb ...
Unpacking fdisk (2.31.1-0.4ubuntu3.6) over (2.31.1-0.4ubuntu3.5) ...
Setting up fdisk (2.31.1-0.4ubuntu3.6) ...
(Reading database ... 70555 files and directories currently installed.)
Preparing to unpack .../util-linux_2.31.1-0.4ubuntu3.6_amd64.deb ...
Unpacking util-linux (2.31.1-0.4ubuntu3.6) over (2.31.1-0.4ubuntu3.5) ...
Setting up util-linux (2.31.1-0.4ubuntu3.6) ...
(Reading database ... 70555 files and directories currently installed.)
Preparing to unpack .../00-mount_2.31.1-0.4ubuntu3.6_amd64.deb ...
Unpacking mount (2.31.1-0.4ubuntu3.6) over (2.31.1-0.4ubuntu3.5) ...
Preparing to unpack .../01-python3.6-dev_3.6.9-1~18.04ubuntu1_amd64.deb ...
Unpacking python3.6-dev (3.6.9-1~18.04ubuntu1) over (3.6.9-1~18.04) ...
Preparing to unpack .../02-libpython3.6-dev_3.6.9-1~18.04ubuntu1_amd64.deb ...
Unpacking libpython3.6-dev:amd64 (3.6.9-1~18.04ubuntu1) over (3.6.9-1~18.04) ...
Preparing to unpack .../03-libpython3.6_3.6.9-1~18.04ubuntu1_amd64.deb ...
Unpacking libpython3.6:amd64 (3.6.9-1~18.04ubuntu1) over (3.6.9-1~18.04) ...
Preparing to unpack .../04-python3.6_3.6.9-1~18.04ubuntu1_amd64.deb ...
Unpacking python3.6 (3.6.9-1~18.04ubuntu1) over (3.6.9-1~18.04) ...
Preparing to unpack .../05-libpython3.6-stdlib_3.6.9-1~18.04ubuntu1_amd64.deb ...
Unpacking libpython3.6-stdlib:amd64 (3.6.9-1~18.04ubuntu1) over (3.6.9-1~18.04) ...
Preparing to unpack .../06-python3.6-minimal_3.6.9-1~18.04ubuntu1_amd64.deb ...
Unpacking python3.6-minimal (3.6.9-1~18.04ubuntu1) over (3.6.9-1~18.04) ...
Preparing to unpack .../07-libpython3.6-minimal_3.6.9-1~18.04ubuntu1_amd64.deb ...
Unpacking libpython3.6-minimal:amd64 (3.6.9-1~18.04ubuntu1) over (3.6.9-1~18.04) ...
Preparing to unpack .../08-libsqlite3-0_3.22.0-1ubuntu0.3_amd64.deb ...
Unpacking libsqlite3-0:amd64 (3.22.0-1ubuntu0.3) over (3.22.0-1ubuntu0.2) ...
Preparing to unpack .../09-uuid-runtime_2.31.1-0.4ubuntu3.6_amd64.deb ...
Unpacking uuid-runtime (2.31.1-0.4ubuntu3.6) over (2.31.1-0.4ubuntu3.5) ...
Preparing to unpack .../10-libsmbclient_2%3a4.7.6+dfsg~ubuntu-0ubuntu2.16_amd64.deb ...
Unpacking libsmbclient:amd64 (2:4.7.6+dfsg~ubuntu-0ubuntu2.16) over (2:4.7.6+dfsg~ubuntu-0ubuntu2.15) ...
Preparing to unpack .../11-libcupsimage2_2.2.7-1ubuntu2.8_amd64.deb ...
Unpacking libcupsimage2:amd64 (2.2.7-1ubuntu2.8) over (2.2.7-1ubuntu2.7) ...
Preparing to unpack .../12-libcups2_2.2.7-1ubuntu2.8_amd64.deb ...
Unpacking libcups2:amd64 (2.2.7-1ubuntu2.8) over (2.2.7-1ubuntu2.7) ...
Preparing to unpack .../13-libldap-common_2.4.45+dfsg-1ubuntu1.5_all.deb ...
Unpacking libldap-common (2.4.45+dfsg-1ubuntu1.5) over (2.4.45+dfsg-1ubuntu1.4) ...
Preparing to unpack .../14-libldap-2.4-2_2.4.45+dfsg-1ubuntu1.5_amd64.deb ...
Unpacking libldap-2.4-2:amd64 (2.4.45+dfsg-1ubuntu1.5) over (2.4.45+dfsg-1ubuntu1.4) ...
Preparing to unpack .../15-python2.7_2.7.17-1~18.04ubuntu1_amd64.deb ...
Unpacking python2.7 (2.7.17-1~18.04ubuntu1) over (2.7.17-1~18.04) ...
Preparing to unpack .../16-libpython2.7_2.7.17-1~18.04ubuntu1_amd64.deb ...
Unpacking libpython2.7:amd64 (2.7.17-1~18.04ubuntu1) over (2.7.17-1~18.04) ...
Preparing to unpack .../17-libpython2.7-stdlib_2.7.17-1~18.04ubuntu1_amd64.deb ...
Unpacking libpython2.7-stdlib:amd64 (2.7.17-1~18.04ubuntu1) over (2.7.17-1~18.04) ...
Preparing to unpack .../18-python2.7-minimal_2.7.17-1~18.04ubuntu1_amd64.deb ...
Unpacking python2.7-minimal (2.7.17-1~18.04ubuntu1) over (2.7.17-1~18.04) ...
Preparing to unpack .../19-libpython2.7-minimal_2.7.17-1~18.04ubuntu1_amd64.deb ...
Unpacking libpython2.7-minimal:amd64 (2.7.17-1~18.04ubuntu1) over (2.7.17-1~18.04) ...
Preparing to unpack .../20-samba-libs_2%3a4.7.6+dfsg~ubuntu-0ubuntu2.16_amd64.deb ...
Unpacking samba-libs:amd64 (2:4.7.6+dfsg~ubuntu-0ubuntu2.16) over (2:4.7.6+dfsg~ubuntu-0ubuntu2.15) ...
Preparing to unpack .../21-libwbclient0_2%3a4.7.6+dfsg~ubuntu-0ubuntu2.16_amd64.deb ...
Unpacking libwbclient0:amd64 (2:4.7.6+dfsg~ubuntu-0ubuntu2.16) over (2:4.7.6+dfsg~ubuntu-0ubuntu2.15) ...
Preparing to unpack .../22-python3.8_3.8.2-1+bionic1_amd64.deb ...
Unpacking python3.8 (3.8.2-1+bionic1) over (3.8.1-1+bionic4) ...
Preparing to unpack .../23-python3.8-minimal_3.8.2-1+bionic1_amd64.deb ...
Unpacking python3.8-minimal (3.8.2-1+bionic1) over (3.8.1-1+bionic4) ...
Preparing to unpack .../24-libpython3.8-stdlib_3.8.2-1+bionic1_amd64.deb ...
Unpacking libpython3.8-stdlib:amd64 (3.8.2-1+bionic1) over (3.8.1-1+bionic4) ...
Preparing to unpack .../25-libpython3.8-minimal_3.8.2-1+bionic1_amd64.deb ...
Unpacking libpython3.8-minimal:amd64 (3.8.2-1+bionic1) over (3.8.1-1+bionic4) ...
Preparing to unpack .../26-libquadmath0_8.4.0-1ubuntu1~18.04_amd64.deb ...
Unpacking libquadmath0:amd64 (8.4.0-1ubuntu1~18.04) over (8.3.0-6ubuntu1~18.04.1) ...
Preparing to unpack .../27-libitm1_8.4.0-1ubuntu1~18.04_amd64.deb ...
Unpacking libitm1:amd64 (8.4.0-1ubuntu1~18.04) over (8.3.0-6ubuntu1~18.04.1) ...
Preparing to unpack .../28-gcc-8-base_8.4.0-1ubuntu1~18.04_amd64.deb ...
Unpacking gcc-8-base:amd64 (8.4.0-1ubuntu1~18.04) over (8.3.0-6ubuntu1~18.04.1) ...
Setting up gcc-8-base:amd64 (8.4.0-1ubuntu1~18.04) ...
(Reading database ... 70555 files and directories currently installed.)
Preparing to unpack .../libstdc++6_8.4.0-1ubuntu1~18.04_amd64.deb ...
Unpacking libstdc++6:amd64 (8.4.0-1ubuntu1~18.04) over (8.3.0-6ubuntu1~18.04.1) ...
Setting up libstdc++6:amd64 (8.4.0-1ubuntu1~18.04) ...
(Reading database ... 70555 files and directories currently installed.)
Preparing to unpack .../0-libmpx2_8.4.0-1ubuntu1~18.04_amd64.deb ...
Unpacking libmpx2:amd64 (8.4.0-1ubuntu1~18.04) over (8.3.0-6ubuntu1~18.04.1) ...
Preparing to unpack .../1-liblsan0_8.4.0-1ubuntu1~18.04_amd64.deb ...
Unpacking liblsan0:amd64 (8.4.0-1ubuntu1~18.04) over (8.3.0-6ubuntu1~18.04.1) ...
Preparing to unpack .../2-libtsan0_8.4.0-1ubuntu1~18.04_amd64.deb ...
Unpacking libtsan0:amd64 (8.4.0-1ubuntu1~18.04) over (8.3.0-6ubuntu1~18.04.1) ...
Preparing to unpack .../3-libcc1-0_8.4.0-1ubuntu1~18.04_amd64.deb ...
Unpacking libcc1-0:amd64 (8.4.0-1ubuntu1~18.04) over (8.3.0-6ubuntu1~18.04.1) ...
Preparing to unpack .../4-libatomic1_8.4.0-1ubuntu1~18.04_amd64.deb ...
Unpacking libatomic1:amd64 (8.4.0-1ubuntu1~18.04) over (8.3.0-6ubuntu1~18.04.1) ...
Preparing to unpack .../5-libgomp1_8.4.0-1ubuntu1~18.04_amd64.deb ...
Unpacking libgomp1:amd64 (8.4.0-1ubuntu1~18.04) over (8.3.0-6ubuntu1~18.04.1) ...
Preparing to unpack .../6-libgcc1_1%3a8.4.0-1ubuntu1~18.04_amd64.deb ...
Unpacking libgcc1:amd64 (1:8.4.0-1ubuntu1~18.04) over (1:8.3.0-6ubuntu1~18.04.1) ...
Setting up libgcc1:amd64 (1:8.4.0-1ubuntu1~18.04) ...
(Reading database ... 70555 files and directories currently installed.)
Preparing to unpack .../00-distro-info-data_0.37ubuntu0.7_all.deb ...
Unpacking distro-info-data (0.37ubuntu0.7) over (0.37ubuntu0.6) ...
Preparing to unpack .../01-kmod_24-1ubuntu3.3_amd64.deb ...
Unpacking kmod (24-1ubuntu3.3) over (24-1ubuntu3.2) ...
Preparing to unpack .../02-libkmod2_24-1ubuntu3.3_amd64.deb ...
Unpacking libkmod2:amd64 (24-1ubuntu3.3) over (24-1ubuntu3.2) ...
Preparing to unpack .../03-libglib2.0-0_2.56.4-0ubuntu0.18.04.6_amd64.deb ...
Unpacking libglib2.0-0:amd64 (2.56.4-0ubuntu0.18.04.6) over (2.56.4-0ubuntu0.18.04.4) ...
Preparing to unpack .../04-libglib2.0-data_2.56.4-0ubuntu0.18.04.6_all.deb ...
Unpacking libglib2.0-data (2.56.4-0ubuntu0.18.04.6) over (2.56.4-0ubuntu0.18.04.4) ...
Preparing to unpack .../05-libicu60_60.2-3ubuntu3.1_amd64.deb ...
Unpacking libicu60:amd64 (60.2-3ubuntu3.1) over (60.2-3ubuntu3) ...
Preparing to unpack .../06-linux-base_4.5ubuntu1.1_all.deb ...
Unpacking linux-base (4.5ubuntu1.1) over (4.5ubuntu1) ...
Preparing to unpack .../07-vim_2%3a8.0.1453-1ubuntu1.3_amd64.deb ...
Unpacking vim (2:8.0.1453-1ubuntu1.3) over (2:8.0.1453-1ubuntu1.1) ...
Preparing to unpack .../08-vim-tiny_2%3a8.0.1453-1ubuntu1.3_amd64.deb ...
Unpacking vim-tiny (2:8.0.1453-1ubuntu1.3) over (2:8.0.1453-1ubuntu1.1) ...
Preparing to unpack .../09-vim-runtime_2%3a8.0.1453-1ubuntu1.3_all.deb ...
Unpacking vim-runtime (2:8.0.1453-1ubuntu1.3) over (2:8.0.1453-1ubuntu1.1) ...
Preparing to unpack .../10-xxd_2%3a8.0.1453-1ubuntu1.3_amd64.deb ...
Unpacking xxd (2:8.0.1453-1ubuntu1.3) over (2:8.0.1453-1ubuntu1.1) ...
Preparing to unpack .../11-vim-common_2%3a8.0.1453-1ubuntu1.3_all.deb ...
Unpacking vim-common (2:8.0.1453-1ubuntu1.3) over (2:8.0.1453-1ubuntu1.1) ...
Preparing to unpack .../12-python3-update-manager_1%3a18.04.11.12_all.deb ...
Unpacking python3-update-manager (1:18.04.11.12) over (1:18.04.11.10) ...
Preparing to unpack .../13-update-manager-core_1%3a18.04.11.12_all.deb ...
Unpacking update-manager-core (1:18.04.11.12) over (1:18.04.11.10) ...
Preparing to unpack .../14-python3-problem-report_2.20.9-0ubuntu7.14_all.deb ...
Unpacking python3-problem-report (2.20.9-0ubuntu7.14) over (2.20.9-0ubuntu7.11) ...
Preparing to unpack .../15-python3-apport_2.20.9-0ubuntu7.14_all.deb ...
Unpacking python3-apport (2.20.9-0ubuntu7.14) over (2.20.9-0ubuntu7.11) ...
Preparing to unpack .../16-apport_2.20.9-0ubuntu7.14_all.deb ...
invoke-rc.d: could not determine current runlevel
 * Stopping automatic crash report generation: apport
/etc/init.d/apport: 68: /etc/init.d/apport: cannot create /proc/sys/fs/suid_dumpable: Operation not permitted
                                                                                                                                                                                                                                        [ OK ] Unpacking apport (2.20.9-0ubuntu7.14) over (2.20.9-0ubuntu7.11) ...
Preparing to unpack .../17-binutils-x86-64-linux-gnu_2.30-21ubuntu1~18.04.3_amd64.deb ...
Unpacking binutils-x86-64-linux-gnu (2.30-21ubuntu1~18.04.3) over (2.30-21ubuntu1~18.04.2) ...
Preparing to unpack .../18-binutils-common_2.30-21ubuntu1~18.04.3_amd64.deb ...
Unpacking binutils-common:amd64 (2.30-21ubuntu1~18.04.3) over (2.30-21ubuntu1~18.04.2) ...
Preparing to unpack .../19-binutils_2.30-21ubuntu1~18.04.3_amd64.deb ...
Unpacking binutils (2.30-21ubuntu1~18.04.3) over (2.30-21ubuntu1~18.04.2) ...
Preparing to unpack .../20-libbinutils_2.30-21ubuntu1~18.04.3_amd64.deb ...
Unpacking libbinutils:amd64 (2.30-21ubuntu1~18.04.3) over (2.30-21ubuntu1~18.04.2) ...
Preparing to unpack .../21-libasan4_7.5.0-3ubuntu1~18.04_amd64.deb ...
Unpacking libasan4:amd64 (7.5.0-3ubuntu1~18.04) over (7.4.0-1ubuntu1~18.04.1) ...
Preparing to unpack .../22-libubsan0_7.5.0-3ubuntu1~18.04_amd64.deb ...
Unpacking libubsan0:amd64 (7.5.0-3ubuntu1~18.04) over (7.4.0-1ubuntu1~18.04.1) ...
Preparing to unpack .../23-libcilkrts5_7.5.0-3ubuntu1~18.04_amd64.deb ...
Unpacking libcilkrts5:amd64 (7.5.0-3ubuntu1~18.04) over (7.4.0-1ubuntu1~18.04.1) ...
Preparing to unpack .../24-g++-7_7.5.0-3ubuntu1~18.04_amd64.deb ...
Unpacking g++-7 (7.5.0-3ubuntu1~18.04) over (7.4.0-1ubuntu1~18.04.1) ...
Preparing to unpack .../25-gcc-7_7.5.0-3ubuntu1~18.04_amd64.deb ...
Unpacking gcc-7 (7.5.0-3ubuntu1~18.04) over (7.4.0-1ubuntu1~18.04.1) ...
Preparing to unpack .../26-libstdc++-7-dev_7.5.0-3ubuntu1~18.04_amd64.deb ...
Unpacking libstdc++-7-dev:amd64 (7.5.0-3ubuntu1~18.04) over (7.4.0-1ubuntu1~18.04.1) ...
Preparing to unpack .../27-libgcc-7-dev_7.5.0-3ubuntu1~18.04_amd64.deb ...
Unpacking libgcc-7-dev:amd64 (7.5.0-3ubuntu1~18.04) over (7.4.0-1ubuntu1~18.04.1) ...
Preparing to unpack .../28-cpp-7_7.5.0-3ubuntu1~18.04_amd64.deb ...
Unpacking cpp-7 (7.5.0-3ubuntu1~18.04) over (7.4.0-1ubuntu1~18.04.1) ...
Preparing to unpack .../29-gcc-7-base_7.5.0-3ubuntu1~18.04_amd64.deb ...
Unpacking gcc-7-base:amd64 (7.5.0-3ubuntu1~18.04) over (7.4.0-1ubuntu1~18.04.1) ...
Preparing to unpack .../30-git-man_1%3a2.17.1-1ubuntu0.7_all.deb ...
Unpacking git-man (1:2.17.1-1ubuntu0.7) over (1:2.17.1-1ubuntu0.5) ...
Preparing to unpack .../31-git_1%3a2.17.1-1ubuntu0.7_amd64.deb ...
Unpacking git (1:2.17.1-1ubuntu0.7) over (1:2.17.1-1ubuntu0.5) ...
Preparing to unpack .../32-python3-twisted-bin_17.9.0-2ubuntu0.1_amd64.deb ...
Unpacking python3-twisted-bin:amd64 (17.9.0-2ubuntu0.1) over (17.9.0-2) ...
Preparing to unpack .../33-python3-twisted_17.9.0-2ubuntu0.1_all.deb ...
Unpacking python3-twisted (17.9.0-2ubuntu0.1) over (17.9.0-2) ...
Preparing to unpack .../34-landscape-common_18.01-0ubuntu3.5_amd64.deb ...
Unpacking landscape-common (18.01-0ubuntu3.5) over (18.01-0ubuntu3.4) ...
Preparing to unpack .../35-libasound2_1.1.3-5ubuntu0.5_amd64.deb ...
Unpacking libasound2:amd64 (1.1.3-5ubuntu0.5) over (1.1.3-5ubuntu0.2) ...
Preparing to unpack .../36-libasound2-data_1.1.3-5ubuntu0.5_all.deb ...
Unpacking libasound2-data (1.1.3-5ubuntu0.5) over (1.1.3-5ubuntu0.2) ...
Preparing to unpack .../37-libegl-mesa0_19.2.8-0ubuntu0~18.04.3_amd64.deb ...
Unpacking libegl-mesa0:amd64 (19.2.8-0ubuntu0~18.04.3) over (19.2.8-0ubuntu0~18.04.2) ...
Preparing to unpack .../38-libgbm1_19.2.8-0ubuntu0~18.04.3_amd64.deb ...
Unpacking libgbm1:amd64 (19.2.8-0ubuntu0~18.04.3) over (19.2.8-0ubuntu0~18.04.2) ...
Preparing to unpack .../39-libgl1-mesa-dri_19.2.8-0ubuntu0~18.04.3_amd64.deb ...
Unpacking libgl1-mesa-dri:amd64 (19.2.8-0ubuntu0~18.04.3) over (19.2.8-0ubuntu0~18.04.2) ...
Preparing to unpack .../40-libglx-mesa0_19.2.8-0ubuntu0~18.04.3_amd64.deb ...
Unpacking libglx-mesa0:amd64 (19.2.8-0ubuntu0~18.04.3) over (19.2.8-0ubuntu0~18.04.2) ...
Preparing to unpack .../41-libglapi-mesa_19.2.8-0ubuntu0~18.04.3_amd64.deb ...
Unpacking libglapi-mesa:amd64 (19.2.8-0ubuntu0~18.04.3) over (19.2.8-0ubuntu0~18.04.2) ...
Preparing to unpack .../42-libgd3_2.2.5-4ubuntu0.4_amd64.deb ...
Unpacking libgd3:amd64 (2.2.5-4ubuntu0.4) over (2.2.5-4ubuntu0.3) ...
Preparing to unpack .../43-libgl1-mesa-glx_19.2.8-0ubuntu0~18.04.3_amd64.deb ...
Unpacking libgl1-mesa-glx:amd64 (19.2.8-0ubuntu0~18.04.3) over (19.2.8-0ubuntu0~18.04.2) ...
Preparing to unpack .../44-libjson-glib-1.0-common_1.4.2-3ubuntu0.18.04.1_all.deb ...
Unpacking libjson-glib-1.0-common (1.4.2-3ubuntu0.18.04.1) over (1.4.2-3) ...
Preparing to unpack .../45-libjson-glib-1.0-0_1.4.2-3ubuntu0.18.04.1_amd64.deb ...
Unpacking libjson-glib-1.0-0:amd64 (1.4.2-3ubuntu0.18.04.1) over (1.4.2-3) ...
Preparing to unpack .../46-libpulsedsp_1%3a11.1-1ubuntu7.5_amd64.deb ...
Unpacking libpulsedsp:amd64 (1:11.1-1ubuntu7.5) over (1:11.1-1ubuntu7.4) ...
Preparing to unpack .../47-pulseaudio-utils_1%3a11.1-1ubuntu7.5_amd64.deb ...
Unpacking pulseaudio-utils (1:11.1-1ubuntu7.5) over (1:11.1-1ubuntu7.4) ...
Preparing to unpack .../48-libpulse0_1%3a11.1-1ubuntu7.5_amd64.deb ...
Unpacking libpulse0:amd64 (1:11.1-1ubuntu7.5) over (1:11.1-1ubuntu7.4) ...
Preparing to unpack .../49-libssh-gcrypt-4_0.8.0~20170825.94fa1e38-1ubuntu0.6_amd64.deb ...
Unpacking libssh-gcrypt-4:amd64 (0.8.0~20170825.94fa1e38-1ubuntu0.6) over (0.8.0~20170825.94fa1e38-1ubuntu0.5) ...
Preparing to unpack .../50-linux-libc-dev_4.15.0-99.100_amd64.deb ...
Unpacking linux-libc-dev:amd64 (4.15.0-99.100) over (4.15.0-88.88) ...
Preparing to unpack .../51-lxcfs_3.0.3-0ubuntu1~18.04.2_amd64.deb ...
Unpacking lxcfs (3.0.3-0ubuntu1~18.04.2) over (3.0.3-0ubuntu1~18.04.1) ...
Preparing to unpack .../52-mesa-va-drivers_19.2.8-0ubuntu0~18.04.3_amd64.deb ...
Unpacking mesa-va-drivers:amd64 (19.2.8-0ubuntu0~18.04.3) over (19.2.8-0ubuntu0~18.04.2) ...
Preparing to unpack .../53-mesa-vdpau-drivers_19.2.8-0ubuntu0~18.04.3_amd64.deb ...
Unpacking mesa-vdpau-drivers:amd64 (19.2.8-0ubuntu0~18.04.3) over (19.2.8-0ubuntu0~18.04.2) ...
Preparing to unpack .../54-sosreport_3.9-1ubuntu0.18.04.3_amd64.deb ...
Unpacking sosreport (3.9-1ubuntu0.18.04.3) over (3.6-1ubuntu0.18.04.4) ...
Preparing to unpack .../55-unattended-upgrades_1.1ubuntu1.18.04.14_all.deb ...
Unpacking unattended-upgrades (1.1ubuntu1.18.04.14) over (1.1ubuntu1.18.04.13) ...
Preparing to unpack .../56-open-vm-tools_2%3a11.0.5-4ubuntu0.18.04.1_amd64.deb ...
Unpacking open-vm-tools (2:11.0.5-4ubuntu0.18.04.1) over (2:11.0.1-2ubuntu0.18.04.2) ...
Setting up libquadmath0:amd64 (8.4.0-1ubuntu1~18.04) ...
Setting up libgomp1:amd64 (8.4.0-1ubuntu1~18.04) ...
Setting up libatomic1:amd64 (8.4.0-1ubuntu1~18.04) ...
Setting up git-man (1:2.17.1-1ubuntu0.7) ...
Setting up libwbclient0:amd64 (2:4.7.6+dfsg~ubuntu-0ubuntu2.16) ...
Setting up libicu60:amd64 (60.2-3ubuntu3.1) ...
Setting up libcc1-0:amd64 (8.4.0-1ubuntu1~18.04) ...
Setting up libjson-glib-1.0-common (1.4.2-3ubuntu0.18.04.1) ...
Setting up libpython3.8-minimal:amd64 (3.8.2-1+bionic1) ...
Setting up xxd (2:8.0.1453-1ubuntu1.3) ...
Setting up libldap-common (2.4.45+dfsg-1ubuntu1.5) ...
Setting up python3-twisted-bin:amd64 (17.9.0-2ubuntu0.1) ...
Setting up libtsan0:amd64 (8.4.0-1ubuntu1~18.04) ...
Setting up libglib2.0-0:amd64 (2.56.4-0ubuntu0.18.04.6) ...
Setting up libssh-gcrypt-4:amd64 (0.8.0~20170825.94fa1e38-1ubuntu0.6) ...
Setting up libasound2-data (1.1.3-5ubuntu0.5) ...
Setting up mesa-vdpau-drivers:amd64 (19.2.8-0ubuntu0~18.04.3) ...
Setting up python3-update-manager (1:18.04.11.12) ...
Setting up libgbm1:amd64 (19.2.8-0ubuntu0~18.04.3) ...
Setting up linux-base (4.5ubuntu1.1) ...
Setting up linux-libc-dev:amd64 (4.15.0-99.100) ...
Setting up mount (2.31.1-0.4ubuntu3.6) ...
Setting up libgd3:amd64 (2.2.5-4ubuntu0.4) ...
Setting up distro-info-data (0.37ubuntu0.7) ...
Setting up libglapi-mesa:amd64 (19.2.8-0ubuntu0~18.04.3) ...
Setting up libkmod2:amd64 (24-1ubuntu3.3) ...
Setting up libpulse0:amd64 (1:11.1-1ubuntu7.5) ...
Setting up libasound2:amd64 (1.1.3-5ubuntu0.5) ...
Setting up uuid-runtime (2.31.1-0.4ubuntu3.6) ...
invoke-rc.d: could not determine current runlevel
Setting up libjson-glib-1.0-0:amd64 (1.4.2-3ubuntu0.18.04.1) ...
Setting up liblsan0:amd64 (8.4.0-1ubuntu1~18.04) ...
Setting up gcc-7-base:amd64 (7.5.0-3ubuntu1~18.04) ...
Setting up libpython3.6-minimal:amd64 (3.6.9-1~18.04ubuntu1) ...
Setting up python3-problem-report (2.20.9-0ubuntu7.14) ...
Setting up binutils-common:amd64 (2.30-21ubuntu1~18.04.3) ...
Setting up libmpx2:amd64 (8.4.0-1ubuntu1~18.04) ...
Setting up libglib2.0-data (2.56.4-0ubuntu0.18.04.6) ...
Setting up libldap-2.4-2:amd64 (2.4.45+dfsg-1ubuntu1.5) ...
Setting up sosreport (3.9-1ubuntu0.18.04.3) ...
Installing new version of config file /etc/sos.conf ...
Setting up python3.8-minimal (3.8.2-1+bionic1) ...
Setting up mesa-va-drivers:amd64 (19.2.8-0ubuntu0~18.04.3) ...
Setting up vim-common (2:8.0.1453-1ubuntu1.3) ...
Setting up unattended-upgrades (1.1ubuntu1.18.04.14) ...
Replacing config file /etc/apt/apt.conf.d/50unattended-upgrades with new version
Setting up libsqlite3-0:amd64 (3.22.0-1ubuntu0.3) ...
Setting up lxcfs (3.0.3-0ubuntu1~18.04.2) ...
invoke-rc.d: could not determine current runlevel
Setting up vim-runtime (2:8.0.1453-1ubuntu1.3) ...
Setting up libegl-mesa0:amd64 (19.2.8-0ubuntu0~18.04.3) ...
Setting up python3-twisted (17.9.0-2ubuntu0.1) ...
Setting up libpython2.7-minimal:amd64 (2.7.17-1~18.04ubuntu1) ...
Setting up git (1:2.17.1-1ubuntu0.7) ...
Setting up libitm1:amd64 (8.4.0-1ubuntu1~18.04) ...
Setting up libpython2.7-stdlib:amd64 (2.7.17-1~18.04ubuntu1) ...
Setting up libpython3.8-stdlib:amd64 (3.8.2-1+bionic1) ...
Setting up python2.7-minimal (2.7.17-1~18.04ubuntu1) ...
Setting up libcups2:amd64 (2.2.7-1ubuntu2.8) ...
Setting up vim-tiny (2:8.0.1453-1ubuntu1.3) ...
Setting up libpython3.6-stdlib:amd64 (3.6.9-1~18.04ubuntu1) ...
Setting up kmod (24-1ubuntu3.3) ...
Setting up update-manager-core (1:18.04.11.12) ...
Setting up landscape-common (18.01-0ubuntu3.5) ...
Setting up libpulsedsp:amd64 (1:11.1-1ubuntu7.5) ...
Setting up libasan4:amd64 (7.5.0-3ubuntu1~18.04) ...
Setting up libbinutils:amd64 (2.30-21ubuntu1~18.04.3) ...
Setting up pulseaudio-utils (1:11.1-1ubuntu7.5) ...
Setting up libcilkrts5:amd64 (7.5.0-3ubuntu1~18.04) ...
Setting up open-vm-tools (2:11.0.5-4ubuntu0.18.04.1) ...
Installing new version of config file /etc/vmware-tools/tools.conf.example ...
invoke-rc.d: could not determine current runlevel
Setting up libubsan0:amd64 (7.5.0-3ubuntu1~18.04) ...
Setting up python3.8 (3.8.2-1+bionic1) ...
Setting up libgl1-mesa-dri:amd64 (19.2.8-0ubuntu0~18.04.3) ...
Setting up python3.6-minimal (3.6.9-1~18.04ubuntu1) ...
Setting up python2.7 (2.7.17-1~18.04ubuntu1) ...
Setting up python3-apport (2.20.9-0ubuntu7.14) ...
Setting up libgcc-7-dev:amd64 (7.5.0-3ubuntu1~18.04) ...
Setting up cpp-7 (7.5.0-3ubuntu1~18.04) ...
Setting up libstdc++-7-dev:amd64 (7.5.0-3ubuntu1~18.04) ...
Setting up libcupsimage2:amd64 (2.2.7-1ubuntu2.8) ...
Setting up libpython2.7:amd64 (2.7.17-1~18.04ubuntu1) ...
Setting up apport (2.20.9-0ubuntu7.14) ...
Installing new version of config file /etc/init.d/apport ...
invoke-rc.d: could not determine current runlevel
Setting up libglx-mesa0:amd64 (19.2.8-0ubuntu0~18.04.3) ...
Setting up libpython3.6:amd64 (3.6.9-1~18.04ubuntu1) ...
Setting up binutils-x86-64-linux-gnu (2.30-21ubuntu1~18.04.3) ...
Setting up python3.6 (3.6.9-1~18.04ubuntu1) ...
Setting up samba-libs:amd64 (2:4.7.6+dfsg~ubuntu-0ubuntu2.16) ...
Setting up vim (2:8.0.1453-1ubuntu1.3) ...
Setting up libpython3.6-dev:amd64 (3.6.9-1~18.04ubuntu1) ...
Setting up libsmbclient:amd64 (2:4.7.6+dfsg~ubuntu-0ubuntu2.16) ...
Setting up libgl1-mesa-glx:amd64 (19.2.8-0ubuntu0~18.04.3) ...
Setting up binutils (2.30-21ubuntu1~18.04.3) ...
Setting up python3.6-dev (3.6.9-1~18.04ubuntu1) ...
Setting up gcc-7 (7.5.0-3ubuntu1~18.04) ...
Setting up g++-7 (7.5.0-3ubuntu1~18.04) ...
Processing triggers for systemd (237-3ubuntu10.39) ...
Processing triggers for man-db (2.8.3-2ubuntu0.1) ...
Processing triggers for hicolor-icon-theme (0.17-2) ...
Processing triggers for mime-support (3.60ubuntu1) ...
Processing triggers for ureadahead (0.100.0-21) ...
Processing triggers for libc-bin (2.27-3ubuntu1) ...
timm@Antares:~$ echo puh, das ist ganz schön viel Text für nur einen Befehl... irgendwie etwas langweilig. Aber ich habe eine Idee!
puh, das ist ganz schön viel Text für nur einen Befehl... irgendwie etwas langweilig. Aber ich habe eine Idee!
timm@Antares:~$ sudo apt-get install fortune cowsay
Reading package lists... Done
Building dependency tree
Reading state information... Done
Note, selecting 'fortune-mod' instead of 'fortune'
The following packages were automatically installed and are no longer required:
  ffmpeg geoclue-2.0 gstreamer1.0-plugins-base i965-va-driver iio-sensor-proxy libaacs0 libass9 libavahi-glib1 libavc1394-0 libavcodec57 libavdevice57 libavfilter6 libavformat57 libavresample3 libavutil55 libbdplus0 libbluray2 libbrotli1
  libbs2b0 libcaca0 libcdio-cdda2 libcdio-paranoia2 libcdio17 libcdparanoia0 libchromaprint1 libcrystalhd3 libdc1394-22 libdouble-conversion1 libdumbnet1 libdvdnav4 libdvdread4 libegl-mesa0 libegl1 libevdev2 libflite1 libgbm1
  libgeoclue-2-0 libgme0 libgsm1 libgstreamer-plugins-base1.0-0 libgstreamer1.0-0 libgudev-1.0-0 libhyphen0 libiec61883-0 libinput-bin libinput10 libjack-jackd2-0 libjansson4 libldb1 libllvm8 liblua5.2-0 libmbim-glib4 libmbim-proxy
  libmm-glib0 libmp3lame0 libmpg123-0 libmtdev1 libmysofa0 libnorm1 libopenal-data libopenal1 libopenjp2-7 libopenmpt0 libopus0 liborc-0.4-0 libpgm-5.2-0 libpostproc54 libpython2.7 libqmi-glib5 libqmi-proxy libqt5core5a libqt5dbus5
  libqt5gui5 libqt5network5 libqt5positioning5 libqt5printsupport5 libqt5qml5 libqt5quick5 libqt5sensors5 libqt5svg5 libqt5webchannel5 libqt5webkit5 libqt5widgets5 libraw1394-11 librubberband2 libsamplerate0 libsdl2-2.0-0 libshine3
  libsmbclient libsnappy1v5 libsndio6.1 libsodium23 libsoxr0 libspeex1 libssh-gcrypt-4 libswresample2 libswscale4 libtalloc2 libtdb1 libtevent0 libtheora0 libtwolame0 libuchardet0 libva-drm2 libva-wayland2 libva-x11-2 libva2 libvdpau1
  libvisual-0.4-0 libvorbisfile3 libvpx5 libwacom-bin libwacom-common libwacom2 libwavpack1 libwayland-server0 libwbclient0 libwebpmux3 libwoff1 libx264-152 libx265-146 libxcb-icccm4 libxcb-image0 libxcb-keysyms1 libxcb-randr0
  libxcb-render-util0 libxcb-util1 libxcb-xfixes0 libxcb-xinerama0 libxcb-xkb1 libxkbcommon-x11-0 libxvidcore4 libzmq5 libzvbi-common libzvbi0 mesa-va-drivers mesa-vdpau-drivers modemmanager mpv phantomjs python-talloc python3-pyxattr
  qt5-gtk-platformtheme qttranslations5-l10n rtmpdump samba-libs usb-modeswitch usb-modeswitch-data va-driver-all vdpau-driver-all
Use 'sudo apt autoremove' to remove them.
The following additional packages will be installed:
  fortunes-min librecode0
Suggested packages:
  filters cowsay-off fortunes
The following NEW packages will be installed:
  cowsay fortune-mod fortunes-min librecode0
0 upgraded, 4 newly installed, 0 to remove and 0 not upgraded.
Need to get 638 kB of archives.
After this operation, 2220 kB of additional disk space will be used.
Do you want to continue? [Y/n]
Get:1 http://archive.ubuntu.com/ubuntu bionic/universe amd64 cowsay all 3.03+dfsg2-4 [17.7 kB]
Get:2 http://archive.ubuntu.com/ubuntu bionic/main amd64 librecode0 amd64 3.6-23 [528 kB]
Get:3 http://archive.ubuntu.com/ubuntu bionic/universe amd64 fortune-mod amd64 1:1.99.1-7build1 [37.3 kB]
Get:4 http://archive.ubuntu.com/ubuntu bionic/universe amd64 fortunes-min all 1:1.99.1-7build1 [55.1 kB]
Fetched 638 kB in 1s (431 kB/s)
Selecting previously unselected package cowsay.
(Reading database ... 70622 files and directories currently installed.)
Preparing to unpack .../cowsay_3.03+dfsg2-4_all.deb ...
Unpacking cowsay (3.03+dfsg2-4) ...
Selecting previously unselected package librecode0:amd64.
Preparing to unpack .../librecode0_3.6-23_amd64.deb ...
Unpacking librecode0:amd64 (3.6-23) ...
Selecting previously unselected package fortune-mod.
Preparing to unpack .../fortune-mod_1%3a1.99.1-7build1_amd64.deb ...
Unpacking fortune-mod (1:1.99.1-7build1) ...
Selecting previously unselected package fortunes-min.
Preparing to unpack .../fortunes-min_1%3a1.99.1-7build1_all.deb ...
Unpacking fortunes-min (1:1.99.1-7build1) ...
Setting up fortunes-min (1:1.99.1-7build1) ...
Setting up cowsay (3.03+dfsg2-4) ...
Setting up librecode0:amd64 (3.6-23) ...
Setting up fortune-mod (1:1.99.1-7build1) ...
Processing triggers for man-db (2.8.3-2ubuntu0.1) ...
Processing triggers for libc-bin (2.27-3ubuntu1) ...
timm@Antares:~$ fortune | cowsay
 ________________________________________
/ A long-forgotten loved one will appear \
| soon.                                  |
|                                        |
\ Buy the negatives at any price.        /
 ----------------------------------------
        \   ^__^
         \  (oo)\_______
            (__)\       )\/\
                ||----w |
                ||     ||
timm@Antares:~$ echo also das finde ich schon deutlich amüsanter! | cowsay
 ___________________________________
/ also das finde ich schon deutlich \
\ amüsanter!                        /
 -----------------------------------
        \   ^__^
         \  (oo)\_______
            (__)\       )\/\
                ||----w |
                ||     ||
timm@Antares:~$ echo so, und jetzt stifte ich noch etwas Verwirrung!
so, und jetzt stifte ich noch etwas Verwirrung!
timm@Antares:~$ mkdir -p unnötig/tiefe/verzeichnisstruktur
timm@Antares:~$ cd unnötig/tiefe/verzeichnisstruktur/
timm@Antares:~/unnötig/tiefe/verzeichnisstruktur$ touch unnötige dateien haha
timm@Antares:~/unnötig/tiefe/verzeichnisstruktur$ ls -al
total 0
drwxrwxrwx 1 timm timm 512 May  9 23:36 .
drwxrwxrwx 1 timm timm 512 May  9 23:36 ..
-rw-rw-rw- 1 timm timm   0 May  9 23:36 dateien
-rw-rw-rw- 1 timm timm   0 May  9 23:36 haha
-rw-rw-rw- 1 timm timm   0 May  9 23:36 unnötige
timm@Antares:~/unnötig/tiefe/verzeichnisstruktur$ sudo -i
root@Antares:~# echo tjaha, ich bin jetzt ein anderer Benutzer!
tjaha, ich bin jetzt ein anderer Benutzer!
root@Antares:~# exit
logout
timm@Antares:~/unnötig/tiefe/verzeichnisstruktur$ echo so, aber jetzt genug davon, ran an die Arbeit!
so, aber jetzt genug davon, ran an die Arbeit!
timm@Antares:~/unnötig/tiefe/verzeichnisstruktur$ fortune | cowsay
 _________________________________________
/ When I reflect upon the number of       \
| disagreeable people who I know who have |
| gone to a better world, I am moved to   |
| lead a different life.                  |
|                                         |
| -- Mark Twain, "Pudd'nhead Wilson's     |
\ Calendar"                               /
 -----------------------------------------
        \   ^__^
         \  (oo)\_______
            (__)\       )\/\
                ||----w |
                ||     ||
timm@Antares:~/unnötig/tiefe/verzeichnisstruktur$